This file contains any messages produced by compilers while
running configure, to aid debugging if configure makes a mistake.

It was created by configure, which was
generated by GNU Autoconf 2.69.  Invocation command line was

  $ ../dwarf-20161124/libdwarf/configure CC=gcc CFLAGS=-g -O2 CPPFLAGS=-I/home/hongyuliu/workspace/hpctoolkit-externals/build/libelf/include -I/home/hongyuliu/workspace/hpctoolkit-externals/build/zlib/include LDFLAGS=-L/home/hongyuliu/workspace/hpctoolkit-externals/build/libelf/lib  -L/home/hongyuliu/workspace/hpctoolkit-externals/build/zlib/lib --prefix=/home/hongyuliu/workspace/hpctoolkit-externals/build/libdwarf --enable-shared --disable-nonshared

## --------- ##
## Platform. ##
## --------- ##

hostname = utsasrg2
uname -m = x86_64
uname -r = 3.19.0-25-generic
uname -s = Linux
uname -v = #26-Ubuntu SMP Fri Jul 24 21:17:31 UTC 2015

/usr/bin/uname -p = unknown
/bin/uname -X     = unknown

/bin/arch              = unknown
/usr/bin/arch -k       = unknown
/usr/convex/getsysinfo = unknown
/usr/bin/hostinfo      = unknown
/bin/machine           = unknown
/usr/bin/oslevel       = unknown
/bin/universe          = unknown

PATH: /usr/local/sbin
PATH: /usr/local/bin
PATH: /usr/sbin
PATH: /usr/bin
PATH: /sbin
PATH: /bin
PATH: /usr/games
PATH: /usr/local/games
PATH: /home/hongyuliu/workspace/claptools/llvm-gcc4.2-2.9-x86_64-linux/bin


## ----------- ##
## Core tests. ##
## ----------- ##

configure:2118: checking for gcc
configure:2145: result: gcc
configure:2374: checking for C compiler version
configure:2383: gcc --version >&5
gcc (Ubuntu 4.9.2-10ubuntu13) 4.9.2
Copyright (C) 2014 Free Software Foundation, Inc.
This is free software; see the source for copying conditions.  There is NO
warranty; not even for MERCHANTABILITY or FITNESS FOR A PARTICULAR PURPOSE.

configure:2394: $? = 0
configure:2383: gcc -v >&5
Using built-in specs.
COLLECT_GCC=gcc
COLLECT_LTO_WRAPPER=/usr/lib/gcc/x86_64-linux-gnu/4.9/lto-wrapper
Target: x86_64-linux-gnu
Configured with: ../src/configure -v --with-pkgversion='Ubuntu 4.9.2-10ubuntu13' --with-bugurl=file:///usr/share/doc/gcc-4.9/README.Bugs --enable-languages=c,c++,java,go,d,fortran,objc,obj-c++ --prefix=/usr --program-suffix=-4.9 --enable-shared --enable-linker-build-id --libexecdir=/usr/lib --without-included-gettext --enable-threads=posix --with-gxx-include-dir=/usr/include/c++/4.9 --libdir=/usr/lib --enable-nls --with-sysroot=/ --enable-clocale=gnu --enable-libstdcxx-debug --enable-libstdcxx-time=yes --enable-gnu-unique-object --disable-vtable-verify --enable-plugin --with-system-zlib --disable-browser-plugin --enable-java-awt=gtk --enable-gtk-cairo --with-java-home=/usr/lib/jvm/java-1.5.0-gcj-4.9-amd64/jre --enable-java-home --with-jvm-root-dir=/usr/lib/jvm/java-1.5.0-gcj-4.9-amd64 --with-jvm-jar-dir=/usr/lib/jvm-exports/java-1.5.0-gcj-4.9-amd64 --with-arch-directory=amd64 --with-ecj-jar=/usr/share/java/eclipse-ecj.jar --enable-objc-gc --enable-multiarch --disable-werror --with-arch-32=i686 --with-abi=m64 --with-multilib-list=m32,m64,mx32 --enable-multilib --with-tune=generic --enable-checking=release --build=x86_64-linux-gnu --host=x86_64-linux-gnu --target=x86_64-linux-gnu
Thread model: posix
gcc version 4.9.2 (Ubuntu 4.9.2-10ubuntu13) 
configure:2394: $? = 0
configure:2383: gcc -V >&5
gcc: error: unrecognized command line option '-V'
gcc: fatal error: no input files
compilation terminated.
configure:2394: $? = 4
configure:2383: gcc -qversion >&5
gcc: error: unrecognized command line option '-qversion'
gcc: fatal error: no input files
compilation terminated.
configure:2394: $? = 4
configure:2414: checking whether the C compiler works
configure:2436: gcc -g -O2 -I/home/hongyuliu/workspace/hpctoolkit-externals/build/libelf/include -I/home/hongyuliu/workspace/hpctoolkit-externals/build/zlib/include -L/home/hongyuliu/workspace/hpctoolkit-externals/build/libelf/lib  -L/home/hongyuliu/workspace/hpctoolkit-externals/build/zlib/lib conftest.c  >&5
configure:2440: $? = 0
configure:2488: result: yes
configure:2491: checking for C compiler default output file name
configure:2493: result: a.out
configure:2499: checking for suffix of executables
configure:2506: gcc -o conftest -g -O2 -I/home/hongyuliu/workspace/hpctoolkit-externals/build/libelf/include -I/home/hongyuliu/workspace/hpctoolkit-externals/build/zlib/include -L/home/hongyuliu/workspace/hpctoolkit-externals/build/libelf/lib  -L/home/hongyuliu/workspace/hpctoolkit-externals/build/zlib/lib conftest.c  >&5
configure:2510: $? = 0
configure:2532: result: 
configure:2554: checking whether we are cross compiling
configure:2562: gcc -o conftest -g -O2 -I/home/hongyuliu/workspace/hpctoolkit-externals/build/libelf/include -I/home/hongyuliu/workspace/hpctoolkit-externals/build/zlib/include -L/home/hongyuliu/workspace/hpctoolkit-externals/build/libelf/lib  -L/home/hongyuliu/workspace/hpctoolkit-externals/build/zlib/lib conftest.c  >&5
configure:2566: $? = 0
configure:2573: ./conftest
configure:2577: $? = 0
configure:2592: result: no
configure:2597: checking for suffix of object files
configure:2619: gcc -c -g -O2 -I/home/hongyuliu/workspace/hpctoolkit-externals/build/libelf/include -I/home/hongyuliu/workspace/hpctoolkit-externals/build/zlib/include conftest.c >&5
configure:2623: $? = 0
configure:2644: result: o
configure:2648: checking whether we are using the GNU C compiler
configure:2667: gcc -c -g -O2 -I/home/hongyuliu/workspace/hpctoolkit-externals/build/libelf/include -I/home/hongyuliu/workspace/hpctoolkit-externals/build/zlib/include conftest.c >&5
configure:2667: $? = 0
configure:2676: result: yes
configure:2685: checking whether gcc accepts -g
configure:2705: gcc -c -g -I/home/hongyuliu/workspace/hpctoolkit-externals/build/libelf/include -I/home/hongyuliu/workspace/hpctoolkit-externals/build/zlib/include conftest.c >&5
configure:2705: $? = 0
configure:2746: result: yes
configure:2763: checking for gcc option to accept ISO C89
configure:2826: gcc  -c -g -O2 -I/home/hongyuliu/workspace/hpctoolkit-externals/build/libelf/include -I/home/hongyuliu/workspace/hpctoolkit-externals/build/zlib/include conftest.c >&5
configure:2826: $? = 0
configure:2839: result: none needed
configure:2865: checking how to run the C preprocessor
configure:2896: gcc -E -I/home/hongyuliu/workspace/hpctoolkit-externals/build/libelf/include -I/home/hongyuliu/workspace/hpctoolkit-externals/build/zlib/include conftest.c
configure:2896: $? = 0
configure:2910: gcc -E -I/home/hongyuliu/workspace/hpctoolkit-externals/build/libelf/include -I/home/hongyuliu/workspace/hpctoolkit-externals/build/zlib/include conftest.c
conftest.c:9:28: fatal error: ac_nonexistent.h: No such file or directory
 #include <ac_nonexistent.h>
                            ^
compilation terminated.
configure:2910: $? = 1
configure: failed program was:
| /* confdefs.h */
| #define PACKAGE_NAME ""
| #define PACKAGE_TARNAME ""
| #define PACKAGE_VERSION ""
| #define PACKAGE_STRING ""
| #define PACKAGE_BUGREPORT ""
| #define PACKAGE_URL ""
| /* end confdefs.h.  */
| #include <ac_nonexistent.h>
configure:2935: result: gcc -E
configure:2955: gcc -E -I/home/hongyuliu/workspace/hpctoolkit-externals/build/libelf/include -I/home/hongyuliu/workspace/hpctoolkit-externals/build/zlib/include conftest.c
configure:2955: $? = 0
configure:2969: gcc -E -I/home/hongyuliu/workspace/hpctoolkit-externals/build/libelf/include -I/home/hongyuliu/workspace/hpctoolkit-externals/build/zlib/include conftest.c
conftest.c:9:28: fatal error: ac_nonexistent.h: No such file or directory
 #include <ac_nonexistent.h>
                            ^
compilation terminated.
configure:2969: $? = 1
configure: failed program was:
| /* confdefs.h */
| #define PACKAGE_NAME ""
| #define PACKAGE_TARNAME ""
| #define PACKAGE_VERSION ""
| #define PACKAGE_STRING ""
| #define PACKAGE_BUGREPORT ""
| #define PACKAGE_URL ""
| /* end confdefs.h.  */
| #include <ac_nonexistent.h>
configure:2998: checking for grep that handles long lines and -e
configure:3056: result: /bin/grep
configure:3061: checking for egrep
configure:3123: result: /bin/grep -E
configure:3128: checking for ANSI C header files
configure:3148: gcc -c -g -O2 -I/home/hongyuliu/workspace/hpctoolkit-externals/build/libelf/include -I/home/hongyuliu/workspace/hpctoolkit-externals/build/zlib/include conftest.c >&5
configure:3148: $? = 0
configure:3221: gcc -o conftest -g -O2 -I/home/hongyuliu/workspace/hpctoolkit-externals/build/libelf/include -I/home/hongyuliu/workspace/hpctoolkit-externals/build/zlib/include -L/home/hongyuliu/workspace/hpctoolkit-externals/build/libelf/lib  -L/home/hongyuliu/workspace/hpctoolkit-externals/build/zlib/lib conftest.c  >&5
configure:3221: $? = 0
configure:3221: ./conftest
configure:3221: $? = 0
configure:3232: result: yes
configure:3245: checking for sys/types.h
configure:3245: gcc -c -g -O2 -I/home/hongyuliu/workspace/hpctoolkit-externals/build/libelf/include -I/home/hongyuliu/workspace/hpctoolkit-externals/build/zlib/include conftest.c >&5
configure:3245: $? = 0
configure:3245: result: yes
configure:3245: checking for sys/stat.h
configure:3245: gcc -c -g -O2 -I/home/hongyuliu/workspace/hpctoolkit-externals/build/libelf/include -I/home/hongyuliu/workspace/hpctoolkit-externals/build/zlib/include conftest.c >&5
configure:3245: $? = 0
configure:3245: result: yes
configure:3245: checking for stdlib.h
configure:3245: gcc -c -g -O2 -I/home/hongyuliu/workspace/hpctoolkit-externals/build/libelf/include -I/home/hongyuliu/workspace/hpctoolkit-externals/build/zlib/include conftest.c >&5
configure:3245: $? = 0
configure:3245: result: yes
configure:3245: checking for string.h
configure:3245: gcc -c -g -O2 -I/home/hongyuliu/workspace/hpctoolkit-externals/build/libelf/include -I/home/hongyuliu/workspace/hpctoolkit-externals/build/zlib/include conftest.c >&5
configure:3245: $? = 0
configure:3245: result: yes
configure:3245: checking for memory.h
configure:3245: gcc -c -g -O2 -I/home/hongyuliu/workspace/hpctoolkit-externals/build/libelf/include -I/home/hongyuliu/workspace/hpctoolkit-externals/build/zlib/include conftest.c >&5
configure:3245: $? = 0
configure:3245: result: yes
configure:3245: checking for strings.h
configure:3245: gcc -c -g -O2 -I/home/hongyuliu/workspace/hpctoolkit-externals/build/libelf/include -I/home/hongyuliu/workspace/hpctoolkit-externals/build/zlib/include conftest.c >&5
configure:3245: $? = 0
configure:3245: result: yes
configure:3245: checking for inttypes.h
configure:3245: gcc -c -g -O2 -I/home/hongyuliu/workspace/hpctoolkit-externals/build/libelf/include -I/home/hongyuliu/workspace/hpctoolkit-externals/build/zlib/include conftest.c >&5
configure:3245: $? = 0
configure:3245: result: yes
configure:3245: checking for stdint.h
configure:3245: gcc -c -g -O2 -I/home/hongyuliu/workspace/hpctoolkit-externals/build/libelf/include -I/home/hongyuliu/workspace/hpctoolkit-externals/build/zlib/include conftest.c >&5
configure:3245: $? = 0
configure:3245: result: yes
configure:3245: checking for unistd.h
configure:3245: gcc -c -g -O2 -I/home/hongyuliu/workspace/hpctoolkit-externals/build/libelf/include -I/home/hongyuliu/workspace/hpctoolkit-externals/build/zlib/include conftest.c >&5
configure:3245: $? = 0
configure:3245: result: yes
configure:3257: checking whether byte ordering is bigendian
configure:3272: gcc -c -g -O2 -I/home/hongyuliu/workspace/hpctoolkit-externals/build/libelf/include -I/home/hongyuliu/workspace/hpctoolkit-externals/build/zlib/include conftest.c >&5
conftest.c:20:9: error: unknown type name 'not'
         not a universal capable compiler
         ^
conftest.c:20:15: error: expected '=', ',', ';', 'asm' or '__attribute__' before 'universal'
         not a universal capable compiler
               ^
conftest.c:20:15: error: unknown type name 'universal'
configure:3272: $? = 1
configure: failed program was:
| /* confdefs.h */
| #define PACKAGE_NAME ""
| #define PACKAGE_TARNAME ""
| #define PACKAGE_VERSION ""
| #define PACKAGE_STRING ""
| #define PACKAGE_BUGREPORT ""
| #define PACKAGE_URL ""
| #define STDC_HEADERS 1
| #define HAVE_SYS_TYPES_H 1
| #define HAVE_SYS_STAT_H 1
| #define HAVE_STDLIB_H 1
| #define HAVE_STRING_H 1
| #define HAVE_MEMORY_H 1
| #define HAVE_STRINGS_H 1
| #define HAVE_INTTYPES_H 1
| #define HAVE_STDINT_H 1
| #define HAVE_UNISTD_H 1
| /* end confdefs.h.  */
| #ifndef __APPLE_CC__
| 	       not a universal capable compiler
| 	     #endif
| 	     typedef int dummy;
| 
configure:3317: gcc -c -g -O2 -I/home/hongyuliu/workspace/hpctoolkit-externals/build/libelf/include -I/home/hongyuliu/workspace/hpctoolkit-externals/build/zlib/include conftest.c >&5
configure:3317: $? = 0
configure:3335: gcc -c -g -O2 -I/home/hongyuliu/workspace/hpctoolkit-externals/build/libelf/include -I/home/hongyuliu/workspace/hpctoolkit-externals/build/zlib/include conftest.c >&5
conftest.c: In function 'main':
conftest.c:26:4: error: unknown type name 'not'
    not big endian
    ^
conftest.c:26:12: error: expected '=', ',', ';', 'asm' or '__attribute__' before 'endian'
    not big endian
            ^
configure:3335: $? = 1
configure: failed program was:
| /* confdefs.h */
| #define PACKAGE_NAME ""
| #define PACKAGE_TARNAME ""
| #define PACKAGE_VERSION ""
| #define PACKAGE_STRING ""
| #define PACKAGE_BUGREPORT ""
| #define PACKAGE_URL ""
| #define STDC_HEADERS 1
| #define HAVE_SYS_TYPES_H 1
| #define HAVE_SYS_STAT_H 1
| #define HAVE_STDLIB_H 1
| #define HAVE_STRING_H 1
| #define HAVE_MEMORY_H 1
| #define HAVE_STRINGS_H 1
| #define HAVE_INTTYPES_H 1
| #define HAVE_STDINT_H 1
| #define HAVE_UNISTD_H 1
| /* end confdefs.h.  */
| #include <sys/types.h>
| 		#include <sys/param.h>
| 
| int
| main ()
| {
| #if BYTE_ORDER != BIG_ENDIAN
| 		 not big endian
| 		#endif
| 
|   ;
|   return 0;
| }
configure:3463: result: no
configure:3482: checking whether gcc needs -traditional
configure:3516: result: no
configure:3566: checking for a BSD-compatible install
configure:3634: result: /usr/bin/install -c
configure:3688: checking for ranlib
configure:3704: found /usr/bin/ranlib
configure:3715: result: ranlib
configure:3780: checking for ar
configure:3796: found /usr/bin/ar
configure:3807: result: ar
configure:3834: checking alloca.h usability
configure:3834: gcc -c -g -O2 -I/home/hongyuliu/workspace/hpctoolkit-externals/build/libelf/include -I/home/hongyuliu/workspace/hpctoolkit-externals/build/zlib/include conftest.c >&5
configure:3834: $? = 0
configure:3834: result: yes
configure:3834: checking alloca.h presence
configure:3834: gcc -E -I/home/hongyuliu/workspace/hpctoolkit-externals/build/libelf/include -I/home/hongyuliu/workspace/hpctoolkit-externals/build/zlib/include conftest.c
configure:3834: $? = 0
configure:3834: result: yes
configure:3834: checking for alloca.h
configure:3834: result: yes
configure:3834: checking elf.h usability
configure:3834: gcc -c -g -O2 -I/home/hongyuliu/workspace/hpctoolkit-externals/build/libelf/include -I/home/hongyuliu/workspace/hpctoolkit-externals/build/zlib/include conftest.c >&5
configure:3834: $? = 0
configure:3834: result: yes
configure:3834: checking elf.h presence
configure:3834: gcc -E -I/home/hongyuliu/workspace/hpctoolkit-externals/build/libelf/include -I/home/hongyuliu/workspace/hpctoolkit-externals/build/zlib/include conftest.c
configure:3834: $? = 0
configure:3834: result: yes
configure:3834: checking for elf.h
configure:3834: result: yes
configure:3834: checking for unistd.h
configure:3834: result: yes
configure:3834: checking elfaccess.h usability
configure:3834: gcc -c -g -O2 -I/home/hongyuliu/workspace/hpctoolkit-externals/build/libelf/include -I/home/hongyuliu/workspace/hpctoolkit-externals/build/zlib/include conftest.c >&5
conftest.c:55:23: fatal error: elfaccess.h: No such file or directory
 #include <elfaccess.h>
                       ^
compilation terminated.
configure:3834: $? = 1
configure: failed program was:
| /* confdefs.h */
| #define PACKAGE_NAME ""
| #define PACKAGE_TARNAME ""
| #define PACKAGE_VERSION ""
| #define PACKAGE_STRING ""
| #define PACKAGE_BUGREPORT ""
| #define PACKAGE_URL ""
| #define STDC_HEADERS 1
| #define HAVE_SYS_TYPES_H 1
| #define HAVE_SYS_STAT_H 1
| #define HAVE_STDLIB_H 1
| #define HAVE_STRING_H 1
| #define HAVE_MEMORY_H 1
| #define HAVE_STRINGS_H 1
| #define HAVE_INTTYPES_H 1
| #define HAVE_STDINT_H 1
| #define HAVE_UNISTD_H 1
| #define HAVE_ALLOCA_H 1
| #define HAVE_ELF_H 1
| #define HAVE_UNISTD_H 1
| /* end confdefs.h.  */
| #include <stdio.h>
| #ifdef HAVE_SYS_TYPES_H
| # include <sys/types.h>
| #endif
| #ifdef HAVE_SYS_STAT_H
| # include <sys/stat.h>
| #endif
| #ifdef STDC_HEADERS
| # include <stdlib.h>
| # include <stddef.h>
| #else
| # ifdef HAVE_STDLIB_H
| #  include <stdlib.h>
| # endif
| #endif
| #ifdef HAVE_STRING_H
| # if !defined STDC_HEADERS && defined HAVE_MEMORY_H
| #  include <memory.h>
| # endif
| # include <string.h>
| #endif
| #ifdef HAVE_STRINGS_H
| # include <strings.h>
| #endif
| #ifdef HAVE_INTTYPES_H
| # include <inttypes.h>
| #endif
| #ifdef HAVE_STDINT_H
| # include <stdint.h>
| #endif
| #ifdef HAVE_UNISTD_H
| # include <unistd.h>
| #endif
| #include <elfaccess.h>
configure:3834: result: no
configure:3834: checking elfaccess.h presence
configure:3834: gcc -E -I/home/hongyuliu/workspace/hpctoolkit-externals/build/libelf/include -I/home/hongyuliu/workspace/hpctoolkit-externals/build/zlib/include conftest.c
conftest.c:22:23: fatal error: elfaccess.h: No such file or directory
 #include <elfaccess.h>
                       ^
compilation terminated.
configure:3834: $? = 1
configure: failed program was:
| /* confdefs.h */
| #define PACKAGE_NAME ""
| #define PACKAGE_TARNAME ""
| #define PACKAGE_VERSION ""
| #define PACKAGE_STRING ""
| #define PACKAGE_BUGREPORT ""
| #define PACKAGE_URL ""
| #define STDC_HEADERS 1
| #define HAVE_SYS_TYPES_H 1
| #define HAVE_SYS_STAT_H 1
| #define HAVE_STDLIB_H 1
| #define HAVE_STRING_H 1
| #define HAVE_MEMORY_H 1
| #define HAVE_STRINGS_H 1
| #define HAVE_INTTYPES_H 1
| #define HAVE_STDINT_H 1
| #define HAVE_UNISTD_H 1
| #define HAVE_ALLOCA_H 1
| #define HAVE_ELF_H 1
| #define HAVE_UNISTD_H 1
| /* end confdefs.h.  */
| #include <elfaccess.h>
configure:3834: result: no
configure:3834: checking for elfaccess.h
configure:3834: result: no
configure:3834: checking libelf.h usability
configure:3834: gcc -c -g -O2 -I/home/hongyuliu/workspace/hpctoolkit-externals/build/libelf/include -I/home/hongyuliu/workspace/hpctoolkit-externals/build/zlib/include conftest.c >&5
configure:3834: $? = 0
configure:3834: result: yes
configure:3834: checking libelf.h presence
configure:3834: gcc -E -I/home/hongyuliu/workspace/hpctoolkit-externals/build/libelf/include -I/home/hongyuliu/workspace/hpctoolkit-externals/build/zlib/include conftest.c
configure:3834: $? = 0
configure:3834: result: yes
configure:3834: checking for libelf.h
configure:3834: result: yes
configure:3834: checking libelf/libelf.h usability
configure:3834: gcc -c -g -O2 -I/home/hongyuliu/workspace/hpctoolkit-externals/build/libelf/include -I/home/hongyuliu/workspace/hpctoolkit-externals/build/zlib/include conftest.c >&5
conftest.c:56:27: fatal error: libelf/libelf.h: No such file or directory
 #include <libelf/libelf.h>
                           ^
compilation terminated.
configure:3834: $? = 1
configure: failed program was:
| /* confdefs.h */
| #define PACKAGE_NAME ""
| #define PACKAGE_TARNAME ""
| #define PACKAGE_VERSION ""
| #define PACKAGE_STRING ""
| #define PACKAGE_BUGREPORT ""
| #define PACKAGE_URL ""
| #define STDC_HEADERS 1
| #define HAVE_SYS_TYPES_H 1
| #define HAVE_SYS_STAT_H 1
| #define HAVE_STDLIB_H 1
| #define HAVE_STRING_H 1
| #define HAVE_MEMORY_H 1
| #define HAVE_STRINGS_H 1
| #define HAVE_INTTYPES_H 1
| #define HAVE_STDINT_H 1
| #define HAVE_UNISTD_H 1
| #define HAVE_ALLOCA_H 1
| #define HAVE_ELF_H 1
| #define HAVE_UNISTD_H 1
| #define HAVE_LIBELF_H 1
| /* end confdefs.h.  */
| #include <stdio.h>
| #ifdef HAVE_SYS_TYPES_H
| # include <sys/types.h>
| #endif
| #ifdef HAVE_SYS_STAT_H
| # include <sys/stat.h>
| #endif
| #ifdef STDC_HEADERS
| # include <stdlib.h>
| # include <stddef.h>
| #else
| # ifdef HAVE_STDLIB_H
| #  include <stdlib.h>
| # endif
| #endif
| #ifdef HAVE_STRING_H
| # if !defined STDC_HEADERS && defined HAVE_MEMORY_H
| #  include <memory.h>
| # endif
| # include <string.h>
| #endif
| #ifdef HAVE_STRINGS_H
| # include <strings.h>
| #endif
| #ifdef HAVE_INTTYPES_H
| # include <inttypes.h>
| #endif
| #ifdef HAVE_STDINT_H
| # include <stdint.h>
| #endif
| #ifdef HAVE_UNISTD_H
| # include <unistd.h>
| #endif
| #include <libelf/libelf.h>
configure:3834: result: no
configure:3834: checking libelf/libelf.h presence
configure:3834: gcc -E -I/home/hongyuliu/workspace/hpctoolkit-externals/build/libelf/include -I/home/hongyuliu/workspace/hpctoolkit-externals/build/zlib/include conftest.c
conftest.c:23:27: fatal error: libelf/libelf.h: No such file or directory
 #include <libelf/libelf.h>
                           ^
compilation terminated.
configure:3834: $? = 1
configure: failed program was:
| /* confdefs.h */
| #define PACKAGE_NAME ""
| #define PACKAGE_TARNAME ""
| #define PACKAGE_VERSION ""
| #define PACKAGE_STRING ""
| #define PACKAGE_BUGREPORT ""
| #define PACKAGE_URL ""
| #define STDC_HEADERS 1
| #define HAVE_SYS_TYPES_H 1
| #define HAVE_SYS_STAT_H 1
| #define HAVE_STDLIB_H 1
| #define HAVE_STRING_H 1
| #define HAVE_MEMORY_H 1
| #define HAVE_STRINGS_H 1
| #define HAVE_INTTYPES_H 1
| #define HAVE_STDINT_H 1
| #define HAVE_UNISTD_H 1
| #define HAVE_ALLOCA_H 1
| #define HAVE_ELF_H 1
| #define HAVE_UNISTD_H 1
| #define HAVE_LIBELF_H 1
| /* end confdefs.h.  */
| #include <libelf/libelf.h>
configure:3834: result: no
configure:3834: checking for libelf/libelf.h
configure:3834: result: no
configure:3834: checking for sys/types.h
configure:3834: result: yes
configure:3834: checking sys/ia64/elf.h usability
configure:3834: gcc -c -g -O2 -I/home/hongyuliu/workspace/hpctoolkit-externals/build/libelf/include -I/home/hongyuliu/workspace/hpctoolkit-externals/build/zlib/include conftest.c >&5
conftest.c:57:26: fatal error: sys/ia64/elf.h: No such file or directory
 #include <sys/ia64/elf.h>
                          ^
compilation terminated.
configure:3834: $? = 1
configure: failed program was:
| /* confdefs.h */
| #define PACKAGE_NAME ""
| #define PACKAGE_TARNAME ""
| #define PACKAGE_VERSION ""
| #define PACKAGE_STRING ""
| #define PACKAGE_BUGREPORT ""
| #define PACKAGE_URL ""
| #define STDC_HEADERS 1
| #define HAVE_SYS_TYPES_H 1
| #define HAVE_SYS_STAT_H 1
| #define HAVE_STDLIB_H 1
| #define HAVE_STRING_H 1
| #define HAVE_MEMORY_H 1
| #define HAVE_STRINGS_H 1
| #define HAVE_INTTYPES_H 1
| #define HAVE_STDINT_H 1
| #define HAVE_UNISTD_H 1
| #define HAVE_ALLOCA_H 1
| #define HAVE_ELF_H 1
| #define HAVE_UNISTD_H 1
| #define HAVE_LIBELF_H 1
| #define HAVE_SYS_TYPES_H 1
| /* end confdefs.h.  */
| #include <stdio.h>
| #ifdef HAVE_SYS_TYPES_H
| # include <sys/types.h>
| #endif
| #ifdef HAVE_SYS_STAT_H
| # include <sys/stat.h>
| #endif
| #ifdef STDC_HEADERS
| # include <stdlib.h>
| # include <stddef.h>
| #else
| # ifdef HAVE_STDLIB_H
| #  include <stdlib.h>
| # endif
| #endif
| #ifdef HAVE_STRING_H
| # if !defined STDC_HEADERS && defined HAVE_MEMORY_H
| #  include <memory.h>
| # endif
| # include <string.h>
| #endif
| #ifdef HAVE_STRINGS_H
| # include <strings.h>
| #endif
| #ifdef HAVE_INTTYPES_H
| # include <inttypes.h>
| #endif
| #ifdef HAVE_STDINT_H
| # include <stdint.h>
| #endif
| #ifdef HAVE_UNISTD_H
| # include <unistd.h>
| #endif
| #include <sys/ia64/elf.h>
configure:3834: result: no
configure:3834: checking sys/ia64/elf.h presence
configure:3834: gcc -E -I/home/hongyuliu/workspace/hpctoolkit-externals/build/libelf/include -I/home/hongyuliu/workspace/hpctoolkit-externals/build/zlib/include conftest.c
conftest.c:24:26: fatal error: sys/ia64/elf.h: No such file or directory
 #include <sys/ia64/elf.h>
                          ^
compilation terminated.
configure:3834: $? = 1
configure: failed program was:
| /* confdefs.h */
| #define PACKAGE_NAME ""
| #define PACKAGE_TARNAME ""
| #define PACKAGE_VERSION ""
| #define PACKAGE_STRING ""
| #define PACKAGE_BUGREPORT ""
| #define PACKAGE_URL ""
| #define STDC_HEADERS 1
| #define HAVE_SYS_TYPES_H 1
| #define HAVE_SYS_STAT_H 1
| #define HAVE_STDLIB_H 1
| #define HAVE_STRING_H 1
| #define HAVE_MEMORY_H 1
| #define HAVE_STRINGS_H 1
| #define HAVE_INTTYPES_H 1
| #define HAVE_STDINT_H 1
| #define HAVE_UNISTD_H 1
| #define HAVE_ALLOCA_H 1
| #define HAVE_ELF_H 1
| #define HAVE_UNISTD_H 1
| #define HAVE_LIBELF_H 1
| #define HAVE_SYS_TYPES_H 1
| /* end confdefs.h.  */
| #include <sys/ia64/elf.h>
configure:3834: result: no
configure:3834: checking for sys/ia64/elf.h
configure:3834: result: no
configure:3848: checking for elf64_getehdr in -lelf
configure:3873: gcc -o conftest -g -O2 -I/home/hongyuliu/workspace/hpctoolkit-externals/build/libelf/include -I/home/hongyuliu/workspace/hpctoolkit-externals/build/zlib/include -L/home/hongyuliu/workspace/hpctoolkit-externals/build/libelf/lib  -L/home/hongyuliu/workspace/hpctoolkit-externals/build/zlib/lib conftest.c -lelf   >&5
configure:3873: $? = 0
configure:3882: result: yes
configure:3890: checking for elf64_getshdr in -lelf
configure:3915: gcc -o conftest -g -O2 -I/home/hongyuliu/workspace/hpctoolkit-externals/build/libelf/include -I/home/hongyuliu/workspace/hpctoolkit-externals/build/zlib/include -L/home/hongyuliu/workspace/hpctoolkit-externals/build/libelf/lib  -L/home/hongyuliu/workspace/hpctoolkit-externals/build/zlib/lib conftest.c -lelf   >&5
configure:3915: $? = 0
configure:3924: result: yes
configure:3943: gcc -c -g -O2 -I/home/hongyuliu/workspace/hpctoolkit-externals/build/libelf/include -I/home/hongyuliu/workspace/hpctoolkit-externals/build/zlib/include conftest.c >&5
conftest.c: In function 'main':
conftest.c:30:1: error: unknown type name '__uint32_t'
 __uint32_t p; p = 3;
 ^
configure:3943: $? = 1
configure: failed program was:
| /* confdefs.h */
| #define PACKAGE_NAME ""
| #define PACKAGE_TARNAME ""
| #define PACKAGE_VERSION ""
| #define PACKAGE_STRING ""
| #define PACKAGE_BUGREPORT ""
| #define PACKAGE_URL ""
| #define STDC_HEADERS 1
| #define HAVE_SYS_TYPES_H 1
| #define HAVE_SYS_STAT_H 1
| #define HAVE_STDLIB_H 1
| #define HAVE_STRING_H 1
| #define HAVE_MEMORY_H 1
| #define HAVE_STRINGS_H 1
| #define HAVE_INTTYPES_H 1
| #define HAVE_STDINT_H 1
| #define HAVE_UNISTD_H 1
| #define HAVE_ALLOCA_H 1
| #define HAVE_ELF_H 1
| #define HAVE_UNISTD_H 1
| #define HAVE_LIBELF_H 1
| #define HAVE_SYS_TYPES_H 1
| #define HAVE_ELF64_GETEHDR 1
| #define HAVE_ELF64_GETSHDR 1
| /* end confdefs.h.  */
| 
| int
| main ()
| {
| __uint32_t p; p = 3;
|   ;
|   return 0;
| }
configure:3960: gcc -c -g -O2 -I/home/hongyuliu/workspace/hpctoolkit-externals/build/libelf/include -I/home/hongyuliu/workspace/hpctoolkit-externals/build/zlib/include conftest.c >&5
conftest.c: In function 'main':
conftest.c:30:1: error: unknown type name '__uint64_t'
 __uint64_t p; p = 3;
 ^
configure:3960: $? = 1
configure: failed program was:
| /* confdefs.h */
| #define PACKAGE_NAME ""
| #define PACKAGE_TARNAME ""
| #define PACKAGE_VERSION ""
| #define PACKAGE_STRING ""
| #define PACKAGE_BUGREPORT ""
| #define PACKAGE_URL ""
| #define STDC_HEADERS 1
| #define HAVE_SYS_TYPES_H 1
| #define HAVE_SYS_STAT_H 1
| #define HAVE_STDLIB_H 1
| #define HAVE_STRING_H 1
| #define HAVE_MEMORY_H 1
| #define HAVE_STRINGS_H 1
| #define HAVE_INTTYPES_H 1
| #define HAVE_STDINT_H 1
| #define HAVE_UNISTD_H 1
| #define HAVE_ALLOCA_H 1
| #define HAVE_ELF_H 1
| #define HAVE_UNISTD_H 1
| #define HAVE_LIBELF_H 1
| #define HAVE_SYS_TYPES_H 1
| #define HAVE_ELF64_GETEHDR 1
| #define HAVE_ELF64_GETSHDR 1
| /* end confdefs.h.  */
| 
| int
| main ()
| {
| __uint64_t p; p = 3;
|   ;
|   return 0;
| }
configure:3977: gcc -c -g -O2 -I/home/hongyuliu/workspace/hpctoolkit-externals/build/libelf/include -I/home/hongyuliu/workspace/hpctoolkit-externals/build/zlib/include conftest.c >&5
configure:3977: $? = 0
configure:3994: gcc -c -g -O2 -I/home/hongyuliu/workspace/hpctoolkit-externals/build/libelf/include -I/home/hongyuliu/workspace/hpctoolkit-externals/build/zlib/include conftest.c >&5
configure:3994: $? = 0
configure:4000: checking compiler supports __attribute__ unused 
configure:4019: gcc -o conftest -g -O2 -I/home/hongyuliu/workspace/hpctoolkit-externals/build/libelf/include -I/home/hongyuliu/workspace/hpctoolkit-externals/build/zlib/include -L/home/hongyuliu/workspace/hpctoolkit-externals/build/libelf/lib  -L/home/hongyuliu/workspace/hpctoolkit-externals/build/zlib/lib conftest.c  >&5
configure:4019: $? = 0
configure:4019: ./conftest
configure:4019: $? = 0
configure:4023: result: yes
configure:4035: checking zlib.h usability
configure:4057: gcc -c -g -O2 -I/home/hongyuliu/workspace/hpctoolkit-externals/build/libelf/include -I/home/hongyuliu/workspace/hpctoolkit-externals/build/zlib/include conftest.c >&5
configure:4057: $? = 0
configure:4058: result: yes
configure:4084: gcc -c -g -O2 -I/home/hongyuliu/workspace/hpctoolkit-externals/build/libelf/include -I/home/hongyuliu/workspace/hpctoolkit-externals/build/zlib/include conftest.c >&5
conftest.c:30:27: fatal error: libelf/libelf.h: No such file or directory
 #include <libelf/libelf.h>
                           ^
compilation terminated.
configure:4084: $? = 1
configure: failed program was:
| /* confdefs.h */
| #define PACKAGE_NAME ""
| #define PACKAGE_TARNAME ""
| #define PACKAGE_VERSION ""
| #define PACKAGE_STRING ""
| #define PACKAGE_BUGREPORT ""
| #define PACKAGE_URL ""
| #define STDC_HEADERS 1
| #define HAVE_SYS_TYPES_H 1
| #define HAVE_SYS_STAT_H 1
| #define HAVE_STDLIB_H 1
| #define HAVE_STRING_H 1
| #define HAVE_MEMORY_H 1
| #define HAVE_STRINGS_H 1
| #define HAVE_INTTYPES_H 1
| #define HAVE_STDINT_H 1
| #define HAVE_UNISTD_H 1
| #define HAVE_ALLOCA_H 1
| #define HAVE_ELF_H 1
| #define HAVE_UNISTD_H 1
| #define HAVE_LIBELF_H 1
| #define HAVE_SYS_TYPES_H 1
| #define HAVE_ELF64_GETEHDR 1
| #define HAVE_ELF64_GETSHDR 1
| #define HAVE___UINT32_T_IN_SYS_TYPES_H 1
| #define HAVE___UINT64_T_IN_SYS_TYPES_H 1
| #define HAVE_UNUSED_ATTRIBUTE 1
| #define HAVE_ZLIB 1
| /* end confdefs.h.  */
| #include <libelf/libelf.h>
|   struct _Elf; typedef struct _Elf Elf;
| int
| main ()
| {
| struct _Elf *a = 0;
|   ;
|   return 0;
| }
configure:4104: gcc -c -g -O2 -I/home/hongyuliu/workspace/hpctoolkit-externals/build/libelf/include -I/home/hongyuliu/workspace/hpctoolkit-externals/build/zlib/include conftest.c >&5
conftest.c:31:36: error: conflicting types for 'Elf'
   struct _Elf; typedef struct _Elf Elf;
                                    ^
In file included from conftest.c:30:0:
/home/hongyuliu/workspace/hpctoolkit-externals/build/libelf/include/libelf.h:190:20: note: previous declaration of 'Elf' was here
 typedef struct Elf Elf;
                    ^
configure:4104: $? = 1
configure: failed program was:
| /* confdefs.h */
| #define PACKAGE_NAME ""
| #define PACKAGE_TARNAME ""
| #define PACKAGE_VERSION ""
| #define PACKAGE_STRING ""
| #define PACKAGE_BUGREPORT ""
| #define PACKAGE_URL ""
| #define STDC_HEADERS 1
| #define HAVE_SYS_TYPES_H 1
| #define HAVE_SYS_STAT_H 1
| #define HAVE_STDLIB_H 1
| #define HAVE_STRING_H 1
| #define HAVE_MEMORY_H 1
| #define HAVE_STRINGS_H 1
| #define HAVE_INTTYPES_H 1
| #define HAVE_STDINT_H 1
| #define HAVE_UNISTD_H 1
| #define HAVE_ALLOCA_H 1
| #define HAVE_ELF_H 1
| #define HAVE_UNISTD_H 1
| #define HAVE_LIBELF_H 1
| #define HAVE_SYS_TYPES_H 1
| #define HAVE_ELF64_GETEHDR 1
| #define HAVE_ELF64_GETSHDR 1
| #define HAVE___UINT32_T_IN_SYS_TYPES_H 1
| #define HAVE___UINT64_T_IN_SYS_TYPES_H 1
| #define HAVE_UNUSED_ATTRIBUTE 1
| #define HAVE_ZLIB 1
| /* end confdefs.h.  */
| #include <libelf.h>
|   struct _Elf; typedef struct _Elf Elf;
| int
| main ()
| {
|  struct _Elf *a = 0;
|   ;
|   return 0;
| }
configure:4124: gcc -c -g -O2 -I/home/hongyuliu/workspace/hpctoolkit-externals/build/libelf/include -I/home/hongyuliu/workspace/hpctoolkit-externals/build/zlib/include conftest.c >&5
conftest.c: In function 'main':
conftest.c:34:14: error: 'R_IA_64_DIR32LSB' undeclared (first use in this function)
   int p; p = R_IA_64_DIR32LSB;
              ^
conftest.c:34:14: note: each undeclared identifier is reported only once for each function it appears in
configure:4124: $? = 1
configure: failed program was:
| /* confdefs.h */
| #define PACKAGE_NAME ""
| #define PACKAGE_TARNAME ""
| #define PACKAGE_VERSION ""
| #define PACKAGE_STRING ""
| #define PACKAGE_BUGREPORT ""
| #define PACKAGE_URL ""
| #define STDC_HEADERS 1
| #define HAVE_SYS_TYPES_H 1
| #define HAVE_SYS_STAT_H 1
| #define HAVE_STDLIB_H 1
| #define HAVE_STRING_H 1
| #define HAVE_MEMORY_H 1
| #define HAVE_STRINGS_H 1
| #define HAVE_INTTYPES_H 1
| #define HAVE_STDINT_H 1
| #define HAVE_UNISTD_H 1
| #define HAVE_ALLOCA_H 1
| #define HAVE_ELF_H 1
| #define HAVE_UNISTD_H 1
| #define HAVE_LIBELF_H 1
| #define HAVE_SYS_TYPES_H 1
| #define HAVE_ELF64_GETEHDR 1
| #define HAVE_ELF64_GETSHDR 1
| #define HAVE___UINT32_T_IN_SYS_TYPES_H 1
| #define HAVE___UINT64_T_IN_SYS_TYPES_H 1
| #define HAVE_UNUSED_ATTRIBUTE 1
| #define HAVE_ZLIB 1
| /* end confdefs.h.  */
| #include <elf.h>
| int
| main ()
| {
|   int p; p = R_IA_64_DIR32LSB;
|   ;
|   return 0;
| }
configure:4131: checking libelf defines struct _Elf
configure:4144: gcc -c -g -O2 -I/home/hongyuliu/workspace/hpctoolkit-externals/build/libelf/include -I/home/hongyuliu/workspace/hpctoolkit-externals/build/zlib/include conftest.c >&5
conftest.c: In function 'main':
conftest.c:34:14: error: storage size of 'a' isn't known
  struct _Elf a; int i; i = 0;
              ^
configure:4144: $? = 1
configure: failed program was:
| /* confdefs.h */
| #define PACKAGE_NAME ""
| #define PACKAGE_TARNAME ""
| #define PACKAGE_VERSION ""
| #define PACKAGE_STRING ""
| #define PACKAGE_BUGREPORT ""
| #define PACKAGE_URL ""
| #define STDC_HEADERS 1
| #define HAVE_SYS_TYPES_H 1
| #define HAVE_SYS_STAT_H 1
| #define HAVE_STDLIB_H 1
| #define HAVE_STRING_H 1
| #define HAVE_MEMORY_H 1
| #define HAVE_STRINGS_H 1
| #define HAVE_INTTYPES_H 1
| #define HAVE_STDINT_H 1
| #define HAVE_UNISTD_H 1
| #define HAVE_ALLOCA_H 1
| #define HAVE_ELF_H 1
| #define HAVE_UNISTD_H 1
| #define HAVE_LIBELF_H 1
| #define HAVE_SYS_TYPES_H 1
| #define HAVE_ELF64_GETEHDR 1
| #define HAVE_ELF64_GETSHDR 1
| #define HAVE___UINT32_T_IN_SYS_TYPES_H 1
| #define HAVE___UINT64_T_IN_SYS_TYPES_H 1
| #define HAVE_UNUSED_ATTRIBUTE 1
| #define HAVE_ZLIB 1
| /* end confdefs.h.  */
| #include <libelf.h>
| int
| main ()
| {
|  struct _Elf a; int i; i = 0;
|   ;
|   return 0;
| }
configure:4151: result: no
configure:4169: gcc -c -g -O2 -I/home/hongyuliu/workspace/hpctoolkit-externals/build/libelf/include -I/home/hongyuliu/workspace/hpctoolkit-externals/build/zlib/include conftest.c >&5
configure:4169: $? = 0
configure:4189: gcc -c -g -O2 -I/home/hongyuliu/workspace/hpctoolkit-externals/build/libelf/include -I/home/hongyuliu/workspace/hpctoolkit-externals/build/zlib/include conftest.c >&5
configure:4189: $? = 0
configure:4207: gcc -c -g -O2 -I/home/hongyuliu/workspace/hpctoolkit-externals/build/libelf/include -I/home/hongyuliu/workspace/hpctoolkit-externals/build/zlib/include conftest.c >&5
conftest.c:32:21: fatal error: sgidefs.h: No such file or directory
 #include <sgidefs.h>
                     ^
compilation terminated.
configure:4207: $? = 1
configure: failed program was:
| /* confdefs.h */
| #define PACKAGE_NAME ""
| #define PACKAGE_TARNAME ""
| #define PACKAGE_VERSION ""
| #define PACKAGE_STRING ""
| #define PACKAGE_BUGREPORT ""
| #define PACKAGE_URL ""
| #define STDC_HEADERS 1
| #define HAVE_SYS_TYPES_H 1
| #define HAVE_SYS_STAT_H 1
| #define HAVE_STDLIB_H 1
| #define HAVE_STRING_H 1
| #define HAVE_MEMORY_H 1
| #define HAVE_STRINGS_H 1
| #define HAVE_INTTYPES_H 1
| #define HAVE_STDINT_H 1
| #define HAVE_UNISTD_H 1
| #define HAVE_ALLOCA_H 1
| #define HAVE_ELF_H 1
| #define HAVE_UNISTD_H 1
| #define HAVE_LIBELF_H 1
| #define HAVE_SYS_TYPES_H 1
| #define HAVE_ELF64_GETEHDR 1
| #define HAVE_ELF64_GETSHDR 1
| #define HAVE___UINT32_T_IN_SYS_TYPES_H 1
| #define HAVE___UINT64_T_IN_SYS_TYPES_H 1
| #define HAVE_UNUSED_ATTRIBUTE 1
| #define HAVE_ZLIB 1
| #define HAVE_RAW_LIBELF_OK 1
| #define HAVE_LIBELF_OFF64_OK 1
| /* end confdefs.h.  */
| #include <sgidefs.h>
| int
| main ()
| {
|   __uint32_t p; p = 27;
|   ;
|   return 0;
| }
configure:4224: gcc -c -g -O2 -I/home/hongyuliu/workspace/hpctoolkit-externals/build/libelf/include -I/home/hongyuliu/workspace/hpctoolkit-externals/build/zlib/include conftest.c >&5
conftest.c:32:21: fatal error: sgidefs.h: No such file or directory
 #include <sgidefs.h>
                     ^
compilation terminated.
configure:4224: $? = 1
configure: failed program was:
| /* confdefs.h */
| #define PACKAGE_NAME ""
| #define PACKAGE_TARNAME ""
| #define PACKAGE_VERSION ""
| #define PACKAGE_STRING ""
| #define PACKAGE_BUGREPORT ""
| #define PACKAGE_URL ""
| #define STDC_HEADERS 1
| #define HAVE_SYS_TYPES_H 1
| #define HAVE_SYS_STAT_H 1
| #define HAVE_STDLIB_H 1
| #define HAVE_STRING_H 1
| #define HAVE_MEMORY_H 1
| #define HAVE_STRINGS_H 1
| #define HAVE_INTTYPES_H 1
| #define HAVE_STDINT_H 1
| #define HAVE_UNISTD_H 1
| #define HAVE_ALLOCA_H 1
| #define HAVE_ELF_H 1
| #define HAVE_UNISTD_H 1
| #define HAVE_LIBELF_H 1
| #define HAVE_SYS_TYPES_H 1
| #define HAVE_ELF64_GETEHDR 1
| #define HAVE_ELF64_GETSHDR 1
| #define HAVE___UINT32_T_IN_SYS_TYPES_H 1
| #define HAVE___UINT64_T_IN_SYS_TYPES_H 1
| #define HAVE_UNUSED_ATTRIBUTE 1
| #define HAVE_ZLIB 1
| #define HAVE_RAW_LIBELF_OK 1
| #define HAVE_LIBELF_OFF64_OK 1
| /* end confdefs.h.  */
| #include <sgidefs.h>
| int
| main ()
| {
|   __uint64_t p; p = 27;
|   ;
|   return 0;
| }
configure:4241: gcc -c -g -O2 -I/home/hongyuliu/workspace/hpctoolkit-externals/build/libelf/include -I/home/hongyuliu/workspace/hpctoolkit-externals/build/zlib/include conftest.c >&5
conftest.c:32:21: fatal error: sgidefs.h: No such file or directory
 #include <sgidefs.h>
                     ^
compilation terminated.
configure:4241: $? = 1
configure: failed program was:
| /* confdefs.h */
| #define PACKAGE_NAME ""
| #define PACKAGE_TARNAME ""
| #define PACKAGE_VERSION ""
| #define PACKAGE_STRING ""
| #define PACKAGE_BUGREPORT ""
| #define PACKAGE_URL ""
| #define STDC_HEADERS 1
| #define HAVE_SYS_TYPES_H 1
| #define HAVE_SYS_STAT_H 1
| #define HAVE_STDLIB_H 1
| #define HAVE_STRING_H 1
| #define HAVE_MEMORY_H 1
| #define HAVE_STRINGS_H 1
| #define HAVE_INTTYPES_H 1
| #define HAVE_STDINT_H 1
| #define HAVE_UNISTD_H 1
| #define HAVE_ALLOCA_H 1
| #define HAVE_ELF_H 1
| #define HAVE_UNISTD_H 1
| #define HAVE_LIBELF_H 1
| #define HAVE_SYS_TYPES_H 1
| #define HAVE_ELF64_GETEHDR 1
| #define HAVE_ELF64_GETSHDR 1
| #define HAVE___UINT32_T_IN_SYS_TYPES_H 1
| #define HAVE___UINT64_T_IN_SYS_TYPES_H 1
| #define HAVE_UNUSED_ATTRIBUTE 1
| #define HAVE_ZLIB 1
| #define HAVE_RAW_LIBELF_OK 1
| #define HAVE_LIBELF_OFF64_OK 1
| /* end confdefs.h.  */
| #include <sgidefs.h>
| int
| main ()
| {
|   __uint64_t p; p = 27;
|   ;
|   return 0;
| }
configure:4258: gcc -c -g -O2 -I/home/hongyuliu/workspace/hpctoolkit-externals/build/libelf/include -I/home/hongyuliu/workspace/hpctoolkit-externals/build/zlib/include conftest.c >&5
configure:4258: $? = 0
configure:4275: gcc -c -g -O2 -I/home/hongyuliu/workspace/hpctoolkit-externals/build/libelf/include -I/home/hongyuliu/workspace/hpctoolkit-externals/build/zlib/include conftest.c >&5
configure:4275: $? = 0
configure:4290: checking build shared
configure:4303: result: yes
configure:4316: checking build nonshared
configure:4327: result: no
configure:4337: checking build -fPIC
configure:4352: result: yes
configure:4358: checking build -Wall
configure:4368: result: no
configure:4375: checking build -fsanitize-address
configure:4385: result: no
configure:4403: checking enable nonstandardprintf
configure:4413: result: no
configure:4418: checking enable  windowspath
configure:4428: result: no
configure:4433: checking enable old frame columns
configure:4443: result: no
configure:4448: checking have windows stdafx.h
configure:4461: gcc -c -g -O2 -I/home/hongyuliu/workspace/hpctoolkit-externals/build/libelf/include -I/home/hongyuliu/workspace/hpctoolkit-externals/build/zlib/include conftest.c >&5
conftest.c:34:20: fatal error: stdafx.h: No such file or directory
 #include "stdafx.h"
                    ^
compilation terminated.
configure:4461: $? = 1
configure: failed program was:
| /* confdefs.h */
| #define PACKAGE_NAME ""
| #define PACKAGE_TARNAME ""
| #define PACKAGE_VERSION ""
| #define PACKAGE_STRING ""
| #define PACKAGE_BUGREPORT ""
| #define PACKAGE_URL ""
| #define STDC_HEADERS 1
| #define HAVE_SYS_TYPES_H 1
| #define HAVE_SYS_STAT_H 1
| #define HAVE_STDLIB_H 1
| #define HAVE_STRING_H 1
| #define HAVE_MEMORY_H 1
| #define HAVE_STRINGS_H 1
| #define HAVE_INTTYPES_H 1
| #define HAVE_STDINT_H 1
| #define HAVE_UNISTD_H 1
| #define HAVE_ALLOCA_H 1
| #define HAVE_ELF_H 1
| #define HAVE_UNISTD_H 1
| #define HAVE_LIBELF_H 1
| #define HAVE_SYS_TYPES_H 1
| #define HAVE_ELF64_GETEHDR 1
| #define HAVE_ELF64_GETSHDR 1
| #define HAVE___UINT32_T_IN_SYS_TYPES_H 1
| #define HAVE___UINT64_T_IN_SYS_TYPES_H 1
| #define HAVE_UNUSED_ATTRIBUTE 1
| #define HAVE_ZLIB 1
| #define HAVE_RAW_LIBELF_OK 1
| #define HAVE_LIBELF_OFF64_OK 1
| #define HAVE_ELF64_RELA 1
| #define HAVE_ELF64_SYM 1
| /* end confdefs.h.  */
| #include "stdafx.h"
| int
| main ()
| {
|   int p; p = 27;
|   ;
|   return 0;
| }
configure:4468: result: no
configure:4473: checking producer generates SGI IRIX output
configure:4483: result: no
configure:4488: checking producer generates only 32bit
configure:4501: result: no
configure:4623: creating ./config.status

## ---------------------- ##
## Running config.status. ##
## ---------------------- ##

This file was extended by config.status, which was
generated by GNU Autoconf 2.69.  Invocation command line was

  CONFIG_FILES    = 
  CONFIG_HEADERS  = 
  CONFIG_LINKS    = 
  CONFIG_COMMANDS = 
  $ ./config.status 

on utsasrg2

config.status:827: creating Makefile
config.status:827: creating config.h

## ---------------- ##
## Cache variables. ##
## ---------------- ##

ac_cv_c_bigendian=no
ac_cv_c_compiler_gnu=yes
ac_cv_env_CC_set=set
ac_cv_env_CC_value=gcc
ac_cv_env_CFLAGS_set=set
ac_cv_env_CFLAGS_value='-g -O2'
ac_cv_env_CPPFLAGS_set=set
ac_cv_env_CPPFLAGS_value='-I/home/hongyuliu/workspace/hpctoolkit-externals/build/libelf/include -I/home/hongyuliu/workspace/hpctoolkit-externals/build/zlib/include'
ac_cv_env_CPP_set=
ac_cv_env_CPP_value=
ac_cv_env_LDFLAGS_set=set
ac_cv_env_LDFLAGS_value='-L/home/hongyuliu/workspace/hpctoolkit-externals/build/libelf/lib  -L/home/hongyuliu/workspace/hpctoolkit-externals/build/zlib/lib'
ac_cv_env_LIBS_set=
ac_cv_env_LIBS_value=
ac_cv_env_build_alias_set=
ac_cv_env_build_alias_value=
ac_cv_env_host_alias_set=
ac_cv_env_host_alias_value=
ac_cv_env_target_alias_set=
ac_cv_env_target_alias_value=
ac_cv_header_alloca_h=yes
ac_cv_header_elf_h=yes
ac_cv_header_elfaccess_h=no
ac_cv_header_inttypes_h=yes
ac_cv_header_libelf_h=yes
ac_cv_header_libelf_libelf_h=no
ac_cv_header_memory_h=yes
ac_cv_header_stdc=yes
ac_cv_header_stdint_h=yes
ac_cv_header_stdlib_h=yes
ac_cv_header_string_h=yes
ac_cv_header_strings_h=yes
ac_cv_header_sys_ia64_elf_h=no
ac_cv_header_sys_stat_h=yes
ac_cv_header_sys_types_h=yes
ac_cv_header_unistd_h=yes
ac_cv_lib_elf_elf64_getehdr=yes
ac_cv_lib_elf_elf64_getshdr=yes
ac_cv_objext=o
ac_cv_path_EGREP='/bin/grep -E'
ac_cv_path_GREP=/bin/grep
ac_cv_path_install='/usr/bin/install -c'
ac_cv_prog_CPP='gcc -E'
ac_cv_prog_ac_ct_AR=ar
ac_cv_prog_ac_ct_CC=gcc
ac_cv_prog_ac_ct_RANLIB=ranlib
ac_cv_prog_cc_c89=
ac_cv_prog_cc_g=yes
ac_cv_prog_gcc_traditional=no

## ----------------- ##
## Output variables. ##
## ----------------- ##

AR='ar'
CC='gcc'
CFLAGS='-g -O2'
CPP='gcc -E'
CPPFLAGS='-I/home/hongyuliu/workspace/hpctoolkit-externals/build/libelf/include -I/home/hongyuliu/workspace/hpctoolkit-externals/build/zlib/include'
DEFS='-DHAVE_CONFIG_H'
ECHO_C=''
ECHO_N='-n'
ECHO_T=''
EGREP='/bin/grep -E'
EXEEXT=''
GREP='/bin/grep'
INSTALL_DATA='${INSTALL} -m 644'
INSTALL_PROGRAM='${INSTALL}'
INSTALL_SCRIPT='${INSTALL}'
LDFLAGS='-L/home/hongyuliu/workspace/hpctoolkit-externals/build/libelf/lib  -L/home/hongyuliu/workspace/hpctoolkit-externals/build/zlib/lib'
LIBOBJS=''
LIBS=''
LTLIBOBJS=''
OBJEXT='o'
PACKAGE_BUGREPORT=''
PACKAGE_NAME=''
PACKAGE_STRING=''
PACKAGE_TARNAME=''
PACKAGE_URL=''
PACKAGE_VERSION=''
PATH_SEPARATOR=':'
RANLIB='ranlib'
SHELL='/bin/bash'
ac_ct_CC='gcc'
bindir='${exec_prefix}/bin'
build_alias=''
build_nonshared='none'
build_shared='libdwarf.so'
datadir='${datarootdir}'
datarootdir='${prefix}/share'
docdir='${datarootdir}/doc/${PACKAGE}'
dvidir='${docdir}'
dwarf_namestable='-s'
dwfpic='-fPIC'
dwfsanitize=''
dwfwall=''
dwfzlib='-lz'
exec_prefix='${prefix}'
host_alias=''
htmldir='${docdir}'
includedir='${prefix}/include'
infodir='${datarootdir}/info'
libdir='${exec_prefix}/lib'
libexecdir='${exec_prefix}/libexec'
localedir='${datarootdir}/locale'
localstatedir='${prefix}/var'
mandir='${datarootdir}/man'
oldincludedir='/usr/include'
pdfdir='${docdir}'
prefix='/home/hongyuliu/workspace/hpctoolkit-externals/build/libdwarf'
program_transform_name='s,x,x,'
psdir='${docdir}'
runstatedir='${localstatedir}/run'
sbindir='${exec_prefix}/sbin'
sharedstatedir='${prefix}/com'
sysconfdir='${prefix}/etc'
target_alias=''

## ----------- ##
## confdefs.h. ##
## ----------- ##

/* confdefs.h */
#define PACKAGE_NAME ""
#define PACKAGE_TARNAME ""
#define PACKAGE_VERSION ""
#define PACKAGE_STRING ""
#define PACKAGE_BUGREPORT ""
#define PACKAGE_URL ""
#define STDC_HEADERS 1
#define HAVE_SYS_TYPES_H 1
#define HAVE_SYS_STAT_H 1
#define HAVE_STDLIB_H 1
#define HAVE_STRING_H 1
#define HAVE_MEMORY_H 1
#define HAVE_STRINGS_H 1
#define HAVE_INTTYPES_H 1
#define HAVE_STDINT_H 1
#define HAVE_UNISTD_H 1
#define HAVE_ALLOCA_H 1
#define HAVE_ELF_H 1
#define HAVE_UNISTD_H 1
#define HAVE_LIBELF_H 1
#define HAVE_SYS_TYPES_H 1
#define HAVE_ELF64_GETEHDR 1
#define HAVE_ELF64_GETSHDR 1
#define HAVE___UINT32_T_IN_SYS_TYPES_H 1
#define HAVE___UINT64_T_IN_SYS_TYPES_H 1
#define HAVE_UNUSED_ATTRIBUTE 1
#define HAVE_ZLIB 1
#define HAVE_RAW_LIBELF_OK 1
#define HAVE_LIBELF_OFF64_OK 1
#define HAVE_ELF64_RELA 1
#define HAVE_ELF64_SYM 1
#define HAVE_DWARF2_99_EXTENSION 1

configure: exit 0
